Analysis & Synthesis report for ECE_272_Lab_5_Clock
Fri May 29 01:22:12 2020
Quartus Prime Version 19.1.0 Build 670 09/22/2019 SJ Lite Edition


---------------------
; Table of Contents ;
---------------------
  1. Legal Notice
  2. Analysis & Synthesis Summary
  3. Analysis & Synthesis Settings
  4. Parallel Compilation
  5. Analysis & Synthesis Source Files Read
  6. Analysis & Synthesis Resource Usage Summary
  7. Analysis & Synthesis Resource Utilization by Entity
  8. Registers Removed During Synthesis
  9. General Register Statistics
 10. Port Connectivity Checks: "comparator:mintohour"
 11. Port Connectivity Checks: "comparator:sectomin"
 12. Port Connectivity Checks: "counter:hourcounter"
 13. Post-Synthesis Netlist Statistics for Top Partition
 14. Elapsed Time Per Partition
 15. Analysis & Synthesis Messages



----------------
; Legal Notice ;
----------------
Copyright (C) 2019  Intel Corporation. All rights reserved.
Your use of Intel Corporation's design tools, logic functions 
and other software and tools, and any partner logic 
functions, and any output files from any of the foregoing 
(including device programming or simulation files), and any 
associated documentation or information are expressly subject 
to the terms and conditions of the Intel Program License 
Subscription Agreement, the Intel Quartus Prime License Agreement,
the Intel FPGA IP License Agreement, or other applicable license
agreement, including, without limitation, that your use is for
the sole purpose of programming logic devices manufactured by
Intel and sold by Intel or its authorized distributors.  Please
refer to the applicable agreement for further details, at
https://fpgasoftware.intel.com/eula.



+----------------------------------------------------------------------------------+
; Analysis & Synthesis Summary                                                     ;
+------------------------------------+---------------------------------------------+
; Analysis & Synthesis Status        ; Successful - Fri May 29 01:22:11 2020       ;
; Quartus Prime Version              ; 19.1.0 Build 670 09/22/2019 SJ Lite Edition ;
; Revision Name                      ; ECE_272_Lab_5_Clock                         ;
; Top-level Entity Name              ; clock                                       ;
; Family                             ; MAX 10                                      ;
; Total logic elements               ; 161                                         ;
;     Total combinational functions  ; 158                                         ;
;     Dedicated logic registers      ; 68                                          ;
; Total registers                    ; 68                                          ;
; Total pins                         ; 44                                          ;
; Total virtual pins                 ; 0                                           ;
; Total memory bits                  ; 0                                           ;
; Embedded Multiplier 9-bit elements ; 0                                           ;
; Total PLLs                         ; 0                                           ;
; UFM blocks                         ; 0                                           ;
; ADC blocks                         ; 0                                           ;
+------------------------------------+---------------------------------------------+


+-------------------------------------------------------------------------------------------------------------+
; Analysis & Synthesis Settings                                                                               ;
+------------------------------------------------------------------+--------------------+---------------------+
; Option                                                           ; Setting            ; Default Value       ;
+------------------------------------------------------------------+--------------------+---------------------+
; Device                                                           ; 10M50DAF484C7G     ;                     ;
; Top-level entity name                                            ; clock              ; ECE_272_Lab_5_Clock ;
; Family name                                                      ; MAX 10             ; Cyclone V           ;
; Use smart compilation                                            ; Off                ; Off                 ;
; Enable parallel Assembler and Timing Analyzer during compilation ; On                 ; On                  ;
; Enable compact report table                                      ; Off                ; Off                 ;
; Restructure Multiplexers                                         ; Auto               ; Auto                ;
; Create Debugging Nodes for IP Cores                              ; Off                ; Off                 ;
; Preserve fewer node names                                        ; On                 ; On                  ;
; Intel FPGA IP Evaluation Mode                                    ; Enable             ; Enable              ;
; Verilog Version                                                  ; Verilog_2001       ; Verilog_2001        ;
; VHDL Version                                                     ; VHDL_1993          ; VHDL_1993           ;
; State Machine Processing                                         ; Auto               ; Auto                ;
; Safe State Machine                                               ; Off                ; Off                 ;
; Extract Verilog State Machines                                   ; On                 ; On                  ;
; Extract VHDL State Machines                                      ; On                 ; On                  ;
; Ignore Verilog initial constructs                                ; Off                ; Off                 ;
; Iteration limit for constant Verilog loops                       ; 5000               ; 5000                ;
; Iteration limit for non-constant Verilog loops                   ; 250                ; 250                 ;
; Add Pass-Through Logic to Inferred RAMs                          ; On                 ; On                  ;
; Infer RAMs from Raw Logic                                        ; On                 ; On                  ;
; Parallel Synthesis                                               ; On                 ; On                  ;
; DSP Block Balancing                                              ; Auto               ; Auto                ;
; NOT Gate Push-Back                                               ; On                 ; On                  ;
; Power-Up Don't Care                                              ; On                 ; On                  ;
; Remove Redundant Logic Cells                                     ; Off                ; Off                 ;
; Remove Duplicate Registers                                       ; On                 ; On                  ;
; Ignore CARRY Buffers                                             ; Off                ; Off                 ;
; Ignore CASCADE Buffers                                           ; Off                ; Off                 ;
; Ignore GLOBAL Buffers                                            ; Off                ; Off                 ;
; Ignore ROW GLOBAL Buffers                                        ; Off                ; Off                 ;
; Ignore LCELL Buffers                                             ; Off                ; Off                 ;
; Ignore SOFT Buffers                                              ; On                 ; On                  ;
; Limit AHDL Integers to 32 Bits                                   ; Off                ; Off                 ;
; Optimization Technique                                           ; Balanced           ; Balanced            ;
; Carry Chain Length                                               ; 70                 ; 70                  ;
; Auto Carry Chains                                                ; On                 ; On                  ;
; Auto Open-Drain Pins                                             ; On                 ; On                  ;
; Perform WYSIWYG Primitive Resynthesis                            ; Off                ; Off                 ;
; Auto ROM Replacement                                             ; On                 ; On                  ;
; Auto RAM Replacement                                             ; On                 ; On                  ;
; Auto DSP Block Replacement                                       ; On                 ; On                  ;
; Auto Shift Register Replacement                                  ; Auto               ; Auto                ;
; Allow Shift Register Merging across Hierarchies                  ; Auto               ; Auto                ;
; Auto Clock Enable Replacement                                    ; On                 ; On                  ;
; Strict RAM Replacement                                           ; Off                ; Off                 ;
; Allow Synchronous Control Signals                                ; On                 ; On                  ;
; Force Use of Synchronous Clear Signals                           ; Off                ; Off                 ;
; Auto RAM Block Balancing                                         ; On                 ; On                  ;
; Auto RAM to Logic Cell Conversion                                ; Off                ; Off                 ;
; Auto Resource Sharing                                            ; Off                ; Off                 ;
; Allow Any RAM Size For Recognition                               ; Off                ; Off                 ;
; Allow Any ROM Size For Recognition                               ; Off                ; Off                 ;
; Allow Any Shift Register Size For Recognition                    ; Off                ; Off                 ;
; Use LogicLock Constraints during Resource Balancing              ; On                 ; On                  ;
; Ignore translate_off and synthesis_off directives                ; Off                ; Off                 ;
; Timing-Driven Synthesis                                          ; On                 ; On                  ;
; Report Parameter Settings                                        ; On                 ; On                  ;
; Report Source Assignments                                        ; On                 ; On                  ;
; Report Connectivity Checks                                       ; On                 ; On                  ;
; Ignore Maximum Fan-Out Assignments                               ; Off                ; Off                 ;
; Synchronization Register Chain Length                            ; 2                  ; 2                   ;
; Power Optimization During Synthesis                              ; Normal compilation ; Normal compilation  ;
; HDL message level                                                ; Level2             ; Level2              ;
; Suppress Register Optimization Related Messages                  ; Off                ; Off                 ;
; Number of Removed Registers Reported in Synthesis Report         ; 5000               ; 5000                ;
; Number of Swept Nodes Reported in Synthesis Report               ; 5000               ; 5000                ;
; Number of Inverted Registers Reported in Synthesis Report        ; 100                ; 100                 ;
; Clock MUX Protection                                             ; On                 ; On                  ;
; Auto Gated Clock Conversion                                      ; Off                ; Off                 ;
; Block Design Naming                                              ; Auto               ; Auto                ;
; SDC constraint protection                                        ; Off                ; Off                 ;
; Synthesis Effort                                                 ; Auto               ; Auto                ;
; Shift Register Replacement - Allow Asynchronous Clear Signal     ; On                 ; On                  ;
; Pre-Mapping Resynthesis Optimization                             ; Off                ; Off                 ;
; Analysis & Synthesis Message Level                               ; Medium             ; Medium              ;
; Disable Register Merging Across Hierarchies                      ; Auto               ; Auto                ;
; Resource Aware Inference For Block RAM                           ; On                 ; On                  ;
+------------------------------------------------------------------+--------------------+---------------------+


+------------------------------------------+
; Parallel Compilation                     ;
+----------------------------+-------------+
; Processors                 ; Number      ;
+----------------------------+-------------+
; Number detected on machine ; 12          ;
; Maximum allowed            ; 6           ;
;                            ;             ;
; Average used               ; 1.00        ;
; Maximum used               ; 6           ;
;                            ;             ;
; Usage by Processor         ; % Time Used ;
;     Processor 1            ; 100.0%      ;
;     Processor 2            ;   0.0%      ;
;     Processors 3-6         ;   0.0%      ;
+----------------------------+-------------+


+-------------------------------------------------------------------------------------------------------------------------------------------------------------------------------------------+
; Analysis & Synthesis Source Files Read                                                                                                                                                    ;
+-------------------------------------------------------+-----------------+------------------------------+------------------------------------------------------------------------+---------+
; File Name with User-Entered Path                      ; Used in Netlist ; File Type                    ; File Name with Absolute Path                                           ; Library ;
+-------------------------------------------------------+-----------------+------------------------------+------------------------------------------------------------------------+---------+
; ../../Junior/ECE 272/ECE Lab 5/ECE_272_Lab_5_Clock.sv ; yes             ; User SystemVerilog HDL File  ; C:/Users/Jacob/Desktop/Junior/ECE 272/ECE Lab 5/ECE_272_Lab_5_Clock.sv ;         ;
+-------------------------------------------------------+-----------------+------------------------------+------------------------------------------------------------------------+---------+


+-----------------------------------------------------------+
; Analysis & Synthesis Resource Usage Summary               ;
+---------------------------------------------+-------------+
; Resource                                    ; Usage       ;
+---------------------------------------------+-------------+
; Estimated Total logic elements              ; 161         ;
;                                             ;             ;
; Total combinational functions               ; 158         ;
; Logic element usage by number of LUT inputs ;             ;
;     -- 4 input functions                    ; 50          ;
;     -- 3 input functions                    ; 46          ;
;     -- <=2 input functions                  ; 62          ;
;                                             ;             ;
; Logic elements by mode                      ;             ;
;     -- normal mode                          ; 119         ;
;     -- arithmetic mode                      ; 39          ;
;                                             ;             ;
; Total registers                             ; 68          ;
;     -- Dedicated logic registers            ; 68          ;
;     -- I/O registers                        ; 0           ;
;                                             ;             ;
; I/O pins                                    ; 44          ;
;                                             ;             ;
; Embedded Multiplier 9-bit elements          ; 0           ;
;                                             ;             ;
; Maximum fan-out node                        ; clock~input ;
; Maximum fan-out                             ; 50          ;
; Total fan-out                               ; 736         ;
; Average fan-out                             ; 2.34        ;
+---------------------------------------------+-------------+


+---------------------------------------------------------------------------------------------------------------------------------------------------------------------------------------------------------------------------------------------+
; Analysis & Synthesis Resource Utilization by Entity                                                                                                                                                                                         ;
+----------------------------+---------------------+---------------------------+-------------+------------+--------------+---------+-----------+------+--------------+------------+-----------------------------+--------------+--------------+
; Compilation Hierarchy Node ; Combinational ALUTs ; Dedicated Logic Registers ; Memory Bits ; UFM Blocks ; DSP Elements ; DSP 9x9 ; DSP 18x18 ; Pins ; Virtual Pins ; ADC blocks ; Full Hierarchy Name         ; Entity Name  ; Library Name ;
+----------------------------+---------------------+---------------------------+-------------+------------+--------------+---------+-----------+------+--------------+------------+-----------------------------+--------------+--------------+
; |clock                     ; 158 (0)             ; 68 (0)                    ; 0           ; 0          ; 0            ; 0       ; 0         ; 44   ; 0            ; 0          ; |clock                      ;              ;              ;
;    |clockdivider:clkdiv|   ; 51 (51)             ; 29 (29)                   ; 0           ; 0          ; 0            ; 0       ; 0         ; 0    ; 0            ; 0          ; |clock|clockdivider:clkdiv  ; clockdivider ; work         ;
;    |comparator:mintohour|  ; 3 (3)               ; 0 (0)                     ; 0           ; 0          ; 0            ; 0       ; 0         ; 0    ; 0            ; 0          ; |clock|comparator:mintohour ; comparator   ; work         ;
;    |comparator:sectomin|   ; 2 (2)               ; 0 (0)                     ; 0           ; 0          ; 0            ; 0       ; 0         ; 0    ; 0            ; 0          ; |clock|comparator:sectomin  ; comparator   ; work         ;
;    |counter:hourcounter|   ; 6 (6)               ; 6 (6)                     ; 0           ; 0          ; 0            ; 0       ; 0         ; 0    ; 0            ; 0          ; |clock|counter:hourcounter  ; counter      ; work         ;
;    |counter:mincounter|    ; 7 (7)               ; 6 (6)                     ; 0           ; 0          ; 0            ; 0       ; 0         ; 0    ; 0            ; 0          ; |clock|counter:mincounter   ; counter      ; work         ;
;    |counter:seccounter|    ; 7 (7)               ; 6 (6)                     ; 0           ; 0          ; 0            ; 0       ; 0         ; 0    ; 0            ; 0          ; |clock|counter:seccounter   ; counter      ; work         ;
;    |parser:hourparse|      ; 14 (14)             ; 7 (7)                     ; 0           ; 0          ; 0            ; 0       ; 0         ; 0    ; 0            ; 0          ; |clock|parser:hourparse     ; parser       ; work         ;
;    |parser:minparse|       ; 12 (12)             ; 7 (7)                     ; 0           ; 0          ; 0            ; 0       ; 0         ; 0    ; 0            ; 0          ; |clock|parser:minparse      ; parser       ; work         ;
;    |parser:secparse|       ; 14 (14)             ; 7 (7)                     ; 0           ; 0          ; 0            ; 0       ; 0         ; 0    ; 0            ; 0          ; |clock|parser:secparse      ; parser       ; work         ;
;    |sevenseg:sevenseg0|    ; 7 (7)               ; 0 (0)                     ; 0           ; 0          ; 0            ; 0       ; 0         ; 0    ; 0            ; 0          ; |clock|sevenseg:sevenseg0   ; sevenseg     ; work         ;
;    |sevenseg:sevenseg1|    ; 7 (7)               ; 0 (0)                     ; 0           ; 0          ; 0            ; 0       ; 0         ; 0    ; 0            ; 0          ; |clock|sevenseg:sevenseg1   ; sevenseg     ; work         ;
;    |sevenseg:sevenseg2|    ; 7 (7)               ; 0 (0)                     ; 0           ; 0          ; 0            ; 0       ; 0         ; 0    ; 0            ; 0          ; |clock|sevenseg:sevenseg2   ; sevenseg     ; work         ;
;    |sevenseg:sevenseg3|    ; 7 (7)               ; 0 (0)                     ; 0           ; 0          ; 0            ; 0       ; 0         ; 0    ; 0            ; 0          ; |clock|sevenseg:sevenseg3   ; sevenseg     ; work         ;
;    |sevenseg:sevenseg4|    ; 7 (7)               ; 0 (0)                     ; 0           ; 0          ; 0            ; 0       ; 0         ; 0    ; 0            ; 0          ; |clock|sevenseg:sevenseg4   ; sevenseg     ; work         ;
;    |sevenseg:sevenseg5|    ; 7 (7)               ; 0 (0)                     ; 0           ; 0          ; 0            ; 0       ; 0         ; 0    ; 0            ; 0          ; |clock|sevenseg:sevenseg5   ; sevenseg     ; work         ;
+----------------------------+---------------------+---------------------------+-------------+------------+--------------+---------+-----------+------+--------------+------------+-----------------------------+--------------+--------------+
Note: For table entries with two numbers listed, the numbers in parentheses indicate the number of resources of the given type used by the specific entity alone. The numbers listed outside of parentheses indicate the total resources of the given type used by the specific entity and all of its sub-entities in the hierarchy.


+--------------------------------------------------------------------------------+
; Registers Removed During Synthesis                                             ;
+---------------------------------------+----------------------------------------+
; Register name                         ; Reason for Removal                     ;
+---------------------------------------+----------------------------------------+
; parser:hourparse|tens[3]              ; Stuck at GND due to stuck port data_in ;
; parser:minparse|tens[3]               ; Stuck at GND due to stuck port data_in ;
; parser:secparse|tens[3]               ; Stuck at GND due to stuck port data_in ;
; Total Number of Removed Registers = 3 ;                                        ;
+---------------------------------------+----------------------------------------+


+------------------------------------------------------+
; General Register Statistics                          ;
+----------------------------------------------+-------+
; Statistic                                    ; Value ;
+----------------------------------------------+-------+
; Total registers                              ; 68    ;
; Number of registers using Synchronous Clear  ; 0     ;
; Number of registers using Synchronous Load   ; 6     ;
; Number of registers using Asynchronous Clear ; 47    ;
; Number of registers using Asynchronous Load  ; 0     ;
; Number of registers using Clock Enable       ; 0     ;
; Number of registers using Preset             ; 0     ;
+----------------------------------------------+-------+


+------------------------------------------------------+
; Port Connectivity Checks: "comparator:mintohour"     ;
+---------+--------+----------+------------------------+
; Port    ; Type   ; Severity ; Details                ;
+---------+--------+----------+------------------------+
; b[5..2] ; Input  ; Info     ; Stuck at VCC           ;
; b[1..0] ; Input  ; Info     ; Stuck at GND           ;
; neq     ; Output ; Info     ; Explicitly unconnected ;
; lt      ; Output ; Info     ; Explicitly unconnected ;
; lte     ; Output ; Info     ; Explicitly unconnected ;
; gt      ; Output ; Info     ; Explicitly unconnected ;
; gte     ; Output ; Info     ; Explicitly unconnected ;
+---------+--------+----------+------------------------+


+------------------------------------------------------+
; Port Connectivity Checks: "comparator:sectomin"      ;
+---------+--------+----------+------------------------+
; Port    ; Type   ; Severity ; Details                ;
+---------+--------+----------+------------------------+
; b[5..2] ; Input  ; Info     ; Stuck at VCC           ;
; b[1..0] ; Input  ; Info     ; Stuck at GND           ;
; neq     ; Output ; Info     ; Explicitly unconnected ;
; lt      ; Output ; Info     ; Explicitly unconnected ;
; lte     ; Output ; Info     ; Explicitly unconnected ;
; gt      ; Output ; Info     ; Explicitly unconnected ;
; gte     ; Output ; Info     ; Explicitly unconnected ;
+---------+--------+----------+------------------------+


+-------------------------------------------------------+
; Port Connectivity Checks: "counter:hourcounter"       ;
+-----------+-------+----------+------------------------+
; Port      ; Type  ; Severity ; Details                ;
+-----------+-------+----------+------------------------+
; reset_alt ; Input ; Info     ; Explicitly unconnected ;
+-----------+-------+----------+------------------------+


+-----------------------------------------------------+
; Post-Synthesis Netlist Statistics for Top Partition ;
+-----------------------+-----------------------------+
; Type                  ; Count                       ;
+-----------------------+-----------------------------+
; boundary_port         ; 44                          ;
; cycloneiii_ff         ; 68                          ;
;     CLR               ; 47                          ;
;     SLD               ; 6                           ;
;     plain             ; 15                          ;
; cycloneiii_lcell_comb ; 164                         ;
;     arith             ; 39                          ;
;         2 data inputs ; 36                          ;
;         3 data inputs ; 3                           ;
;     normal            ; 125                         ;
;         1 data inputs ; 13                          ;
;         2 data inputs ; 19                          ;
;         3 data inputs ; 43                          ;
;         4 data inputs ; 50                          ;
;                       ;                             ;
; Max LUT depth         ; 4.40                        ;
; Average LUT depth     ; 2.50                        ;
+-----------------------+-----------------------------+


+-------------------------------+
; Elapsed Time Per Partition    ;
+----------------+--------------+
; Partition Name ; Elapsed Time ;
+----------------+--------------+
; Top            ; 00:00:01     ;
+----------------+--------------+


+-------------------------------+
; Analysis & Synthesis Messages ;
+-------------------------------+
Info: *******************************************************************
Info: Running Quartus Prime Analysis & Synthesis
    Info: Version 19.1.0 Build 670 09/22/2019 SJ Lite Edition
    Info: Processing started: Fri May 29 01:22:03 2020
Info: Command: quartus_map --read_settings_files=on --write_settings_files=off ECE_272_Lab_5_Clock -c ECE_272_Lab_5_Clock
Warning (18236): Number of processors has not been specified which may cause overloading on shared machines.  Set the global assignment NUM_PARALLEL_PROCESSORS in your QSF to an appropriate value for best performance.
Info (20030): Parallel compilation is enabled and will use 6 of the 6 processors detected
Info (12021): Found 7 design units, including 7 entities, in source file /users/jacob/desktop/junior/ece 272/ece lab 5/ece_272_lab_5_clock.sv
    Info (12023): Found entity 1: comparator File: C:/Users/Jacob/Desktop/Junior/ECE 272/ECE Lab 5/ECE_272_Lab_5_Clock.sv Line: 1
    Info (12023): Found entity 2: counter File: C:/Users/Jacob/Desktop/Junior/ECE 272/ECE Lab 5/ECE_272_Lab_5_Clock.sv Line: 11
    Info (12023): Found entity 3: sync File: C:/Users/Jacob/Desktop/Junior/ECE 272/ECE Lab 5/ECE_272_Lab_5_Clock.sv Line: 22
    Info (12023): Found entity 4: sevenseg File: C:/Users/Jacob/Desktop/Junior/ECE 272/ECE Lab 5/ECE_272_Lab_5_Clock.sv Line: 33
    Info (12023): Found entity 5: parser File: C:/Users/Jacob/Desktop/Junior/ECE 272/ECE Lab 5/ECE_272_Lab_5_Clock.sv Line: 51
    Info (12023): Found entity 6: clockdivider File: C:/Users/Jacob/Desktop/Junior/ECE 272/ECE Lab 5/ECE_272_Lab_5_Clock.sv Line: 95
    Info (12023): Found entity 7: clock File: C:/Users/Jacob/Desktop/Junior/ECE 272/ECE Lab 5/ECE_272_Lab_5_Clock.sv Line: 120
Info (12127): Elaborating entity "clock" for the top level hierarchy
Info (12128): Elaborating entity "clockdivider" for hierarchy "clockdivider:clkdiv" File: C:/Users/Jacob/Desktop/Junior/ECE 272/ECE Lab 5/ECE_272_Lab_5_Clock.sv Line: 131
Warning (10230): Verilog HDL assignment warning at ECE_272_Lab_5_Clock.sv(110): truncated value with size 32 to match size of target (28) File: C:/Users/Jacob/Desktop/Junior/ECE 272/ECE Lab 5/ECE_272_Lab_5_Clock.sv Line: 110
Info (12128): Elaborating entity "counter" for hierarchy "counter:seccounter" File: C:/Users/Jacob/Desktop/Junior/ECE 272/ECE Lab 5/ECE_272_Lab_5_Clock.sv Line: 137
Warning (10230): Verilog HDL assignment warning at ECE_272_Lab_5_Clock.sv(19): truncated value with size 32 to match size of target (6) File: C:/Users/Jacob/Desktop/Junior/ECE 272/ECE Lab 5/ECE_272_Lab_5_Clock.sv Line: 19
Info (12128): Elaborating entity "comparator" for hierarchy "comparator:sectomin" File: C:/Users/Jacob/Desktop/Junior/ECE 272/ECE Lab 5/ECE_272_Lab_5_Clock.sv Line: 159
Info (12128): Elaborating entity "parser" for hierarchy "parser:secparse" File: C:/Users/Jacob/Desktop/Junior/ECE 272/ECE Lab 5/ECE_272_Lab_5_Clock.sv Line: 175
Warning (10230): Verilog HDL assignment warning at ECE_272_Lab_5_Clock.sv(60): truncated value with size 32 to match size of target (4) File: C:/Users/Jacob/Desktop/Junior/ECE 272/ECE Lab 5/ECE_272_Lab_5_Clock.sv Line: 60
Warning (10230): Verilog HDL assignment warning at ECE_272_Lab_5_Clock.sv(65): truncated value with size 32 to match size of target (4) File: C:/Users/Jacob/Desktop/Junior/ECE 272/ECE Lab 5/ECE_272_Lab_5_Clock.sv Line: 65
Warning (10230): Verilog HDL assignment warning at ECE_272_Lab_5_Clock.sv(70): truncated value with size 32 to match size of target (4) File: C:/Users/Jacob/Desktop/Junior/ECE 272/ECE Lab 5/ECE_272_Lab_5_Clock.sv Line: 70
Warning (10230): Verilog HDL assignment warning at ECE_272_Lab_5_Clock.sv(75): truncated value with size 32 to match size of target (4) File: C:/Users/Jacob/Desktop/Junior/ECE 272/ECE Lab 5/ECE_272_Lab_5_Clock.sv Line: 75
Warning (10230): Verilog HDL assignment warning at ECE_272_Lab_5_Clock.sv(80): truncated value with size 32 to match size of target (4) File: C:/Users/Jacob/Desktop/Junior/ECE 272/ECE Lab 5/ECE_272_Lab_5_Clock.sv Line: 80
Warning (10230): Verilog HDL assignment warning at ECE_272_Lab_5_Clock.sv(85): truncated value with size 32 to match size of target (4) File: C:/Users/Jacob/Desktop/Junior/ECE 272/ECE Lab 5/ECE_272_Lab_5_Clock.sv Line: 85
Warning (10230): Verilog HDL assignment warning at ECE_272_Lab_5_Clock.sv(90): truncated value with size 6 to match size of target (4) File: C:/Users/Jacob/Desktop/Junior/ECE 272/ECE Lab 5/ECE_272_Lab_5_Clock.sv Line: 90
Info (12128): Elaborating entity "sevenseg" for hierarchy "sevenseg:sevenseg0" File: C:/Users/Jacob/Desktop/Junior/ECE 272/ECE Lab 5/ECE_272_Lab_5_Clock.sv Line: 191
Info (286030): Timing-Driven Synthesis is running
Info (16010): Generating hard_block partition "hard_block:auto_generated_inst"
    Info (16011): Adding 0 node(s), including 0 DDIO, 0 PLL, 0 transceiver and 0 LCELL
Info (21057): Implemented 208 device resources after synthesis - the final resource count might be different
    Info (21058): Implemented 2 input pins
    Info (21059): Implemented 42 output pins
    Info (21061): Implemented 164 logic cells
Info: Quartus Prime Analysis & Synthesis was successful. 0 errors, 10 warnings
    Info: Peak virtual memory: 4816 megabytes
    Info: Processing ended: Fri May 29 01:22:12 2020
    Info: Elapsed time: 00:00:09
    Info: Total CPU time (on all processors): 00:00:17


