Assembler report for ECE_272_Lab_5_Clock
Fri May 29 01:22:25 2020
Quartus Prime Version 19.1.0 Build 670 09/22/2019 SJ Lite Edition


---------------------
; Table of Contents ;
---------------------
  1. Legal Notice
  2. Assembler Summary
  3. Assembler Settings
  4. Assembler Generated Files
  5. Assembler Device Options: C:/Users/Jacob/Desktop/Quartus Prime Projects/ECE 272 Lab 5/output_files/ECE_272_Lab_5_Clock.sof
  6. Assembler Messages



----------------
; Legal Notice ;
----------------
Copyright (C) 2019  Intel Corporation. All rights reserved.
Your use of Intel Corporation's design tools, logic functions 
and other software and tools, and any partner logic 
functions, and any output files from any of the foregoing 
(including device programming or simulation files), and any 
associated documentation or information are expressly subject 
to the terms and conditions of the Intel Program License 
Subscription Agreement, the Intel Quartus Prime License Agreement,
the Intel FPGA IP License Agreement, or other applicable license
agreement, including, without limitation, that your use is for
the sole purpose of programming logic devices manufactured by
Intel and sold by Intel or its authorized distributors.  Please
refer to the applicable agreement for further details, at
https://fpgasoftware.intel.com/eula.



+---------------------------------------------------------------+
; Assembler Summary                                             ;
+-----------------------+---------------------------------------+
; Assembler Status      ; Successful - Fri May 29 01:22:25 2020 ;
; Revision Name         ; ECE_272_Lab_5_Clock                   ;
; Top-level Entity Name ; clock                                 ;
; Family                ; MAX 10                                ;
; Device                ; 10M50DAF484C7G                        ;
+-----------------------+---------------------------------------+


+----------------------------------+
; Assembler Settings               ;
+--------+---------+---------------+
; Option ; Setting ; Default Value ;
+--------+---------+---------------+


+--------------------------------------------------------------------------------------------------+
; Assembler Generated Files                                                                        ;
+--------------------------------------------------------------------------------------------------+
; File Name                                                                                        ;
+--------------------------------------------------------------------------------------------------+
; C:/Users/Jacob/Desktop/Quartus Prime Projects/ECE 272 Lab 5/output_files/ECE_272_Lab_5_Clock.sof ;
+--------------------------------------------------------------------------------------------------+


+----------------------------------------------------------------------------------------------------------------------------+
; Assembler Device Options: C:/Users/Jacob/Desktop/Quartus Prime Projects/ECE 272 Lab 5/output_files/ECE_272_Lab_5_Clock.sof ;
+----------------+-----------------------------------------------------------------------------------------------------------+
; Option         ; Setting                                                                                                   ;
+----------------+-----------------------------------------------------------------------------------------------------------+
; JTAG usercode  ; 0x0028B8D4                                                                                                ;
; Checksum       ; 0x0028B8D4                                                                                                ;
+----------------+-----------------------------------------------------------------------------------------------------------+


+--------------------+
; Assembler Messages ;
+--------------------+
Info: *******************************************************************
Info: Running Quartus Prime Assembler
    Info: Version 19.1.0 Build 670 09/22/2019 SJ Lite Edition
    Info: Processing started: Fri May 29 01:22:22 2020
Info: Command: quartus_asm --read_settings_files=off --write_settings_files=off ECE_272_Lab_5_Clock -c ECE_272_Lab_5_Clock
Warning (18236): Number of processors has not been specified which may cause overloading on shared machines.  Set the global assignment NUM_PARALLEL_PROCESSORS in your QSF to an appropriate value for best performance.
Info (115031): Writing out detailed assembly data for power analysis
Info (115030): Assembler is generating device programming files
Info: Quartus Prime Assembler was successful. 0 errors, 1 warning
    Info: Peak virtual memory: 4699 megabytes
    Info: Processing ended: Fri May 29 01:22:25 2020
    Info: Elapsed time: 00:00:03
    Info: Total CPU time (on all processors): 00:00:03


